Base path: /Applications/Unity/Unity.app/Contents
Pipe name: \\.\pipe\UnityShaderCompiler-64bit-1-2145047296
Cmd: getPlatforms
Cmd: compileSnippet
  api=0 type=0 insize=7458 outsize=3140 kw=DIRECTIONAL SHADOWS_OFF LIGHTMAP_OFF DIRLIGHTMAP_OFF DYNAMICLIGHTMAP_OFF ok=1
Cmd: compileSnippet
  api=0 type=1 insize=7458 outsize=6 kw=DIRECTIONAL SHADOWS_OFF LIGHTMAP_OFF DIRLIGHTMAP_OFF DYNAMICLIGHTMAP_OFF ok=1
Cmd: compileSnippet
  api=0 type=0 insize=4021 outsize=1963 kw=DIRECTIONAL ok=1
Cmd: compileSnippet
  api=0 type=1 insize=4021 outsize=6 kw=DIRECTIONAL ok=1
Cmd: compileSnippet
  api=0 type=0 insize=959 outsize=394 kw= ok=1
Cmd: compileSnippet
  api=0 type=1 insize=959 outsize=6 kw= ok=1
Cmd: compileSnippet
  api=0 type=0 insize=990 outsize=450 kw= ok=1
Cmd: compileSnippet
  api=0 type=1 insize=990 outsize=6 kw= ok=1
Cmd: compileSnippet
  api=0 type=0 insize=7458 outsize=3648 kw=DIRECTIONAL SHADOWS_SCREEN LIGHTMAP_OFF DIRLIGHTMAP_OFF DYNAMICLIGHTMAP_OFF ok=1
Cmd: compileSnippet
  api=0 type=1 insize=7458 outsize=6 kw=DIRECTIONAL SHADOWS_SCREEN LIGHTMAP_OFF DIRLIGHTMAP_OFF DYNAMICLIGHTMAP_OFF ok=1
